<?xml version="1.0" encoding="UTF-8"?>
<!-- Generated by org.testng.reporters.JUnitXMLReporter -->
<testsuite ignored="0" hostname="LAPTOP-SAD1NFF5" failures="1" tests="2" name="Error Validation Test" time="11.049" errors="0" timestamp="08 Nov 2025 12:59:09 GMT">
  <testcase classname="testingacademy.tests.ErrorValidations" name="LoginErrorValidation" time="0.531">
    <failure type="java.lang.AssertionError" message="expected [Epic sadface: Username and password do not match any user in this service] but found [Epic sadface: Username and password do not match any user in this servi]">
      <![CDATA[java.lang.AssertionError: expected [Epic sadface: Username and password do not match any user in this service] but found [Epic sadface: Username and password do not match any user in this servi]
at testingacademy.tests.ErrorValidations.LoginErrorValidation(ErrorValidations.java:30)
at java.base/java.util.concurrent.FutureTask.run(FutureTask.java:264)
at java.base/java.util.concurrent.ThreadPoolExecutor.runWorker(ThreadPoolExecutor.java:1130)
at java.base/java.util.concurrent.ThreadPoolExecutor$Worker.run(ThreadPoolExecutor.java:630)
at java.base/java.lang.Thread.run(Thread.java:831)
... Removed 22 stack frames]]>
    </failure>
  </testcase> <!-- LoginErrorValidation -->
  <testcase classname="testingacademy.tests.ErrorValidations" name="ProductErrorValidation" time="2.174"/>
</testsuite> <!-- Error Validation Test -->
