<?xml version="1.0" encoding="UTF-8"?>
<!-- Generated by org.testng.reporters.JUnitXMLReporter -->
<testsuite ignored="0" hostname="LAPTOP-SAD1NFF5" failures="0" tests="2" name="Error Validation Test" time="9.62" errors="0" timestamp="15 Nov 2025 16:45:26 GMT">
  <testcase classname="testingacademy.tests.ErrorValidations" name="LoginErrorValidation" time="0.898"/>
  <testcase classname="testingacademy.tests.ErrorValidations" name="ProductErrorValidation" time="1.38"/>
</testsuite> <!-- Error Validation Test -->
