<?xml version="1.0" encoding="UTF-8"?>
<!-- Generated by org.testng.reporters.JUnitReportReporter -->
<testsuite hostname="LAPTOP-SAD1NFF5" failures="0" tests="2" name="testingacademy.tests.PunchOrderTest" time="11.924" errors="0" timestamp="08 Nov 2025 12:59:11 GMT" skipped="0">
  <testcase classname="testingacademy.tests.PunchOrderTest" name="punchOrder" time="7.954"/>
  <testcase classname="testingacademy.tests.PunchOrderTest" name="punchOrder" time="3.970"/>
</testsuite> <!-- testingacademy.tests.PunchOrderTest -->
