<?xml version="1.0" encoding="UTF-8"?>
<!-- Generated by org.testng.reporters.JUnitReportReporter -->
<testsuite hostname="LAPTOP-SAD1NFF5" failures="0" tests="2" name="testingacademy.tests.PunchOrderTest" time="10.964" errors="0" timestamp="15 Nov 2025 16:45:28 GMT" skipped="0">
  <testcase classname="testingacademy.tests.PunchOrderTest" name="punchOrder" time="3.942"/>
  <testcase classname="testingacademy.tests.PunchOrderTest" name="punchOrder" time="7.022"/>
</testsuite> <!-- testingacademy.tests.PunchOrderTest -->
