<?xml version="1.0" encoding="UTF-8"?>
<!-- Generated by org.testng.reporters.JUnitReportReporter -->
<testsuite hostname="LAPTOP-SAD1NFF5" failures="0" tests="2" name="testingacademy.tests.ErrorValidations" time="9.581" errors="0" timestamp="15 Nov 2025 16:45:28 GMT" skipped="0">
  <testcase classname="testingacademy.tests.ErrorValidations" name="LoginErrorValidation" time="5.877"/>
  <testcase classname="testingacademy.tests.ErrorValidations" name="ProductErrorValidation" time="3.704"/>
</testsuite> <!-- testingacademy.tests.ErrorValidations -->
